<?xml version="1.0" encoding="UTF-8"?>
<!-- Generated by org.testng.reporters.JUnitXMLReporter -->
<testsuite hostname="EPBYMINW2724" name="Default test" tests="9" failures="0" timestamp="19 Dec 2015 16:44:50 GMT" time="26.343" errors="0">
  <testcase name="OpenLoginPage" time="3.248" classname="Base.ActionsTestingExample"/>
  <testcase name="loginAction" time="2.426" classname="Base.ActionsTestingExample"/>
  <testcase name="loginViaJavascript" time="0.021" classname="Base.ActionsTestingExample"/>
  <testcase name="playVideo" time="1.854" classname="Base.ActionsTestingExample"/>
  <testcase name="findVolumeSlider" time="3.015" classname="Base.ActionsTestingExample"/>
  <testcase name="decreaseVolume" time="3.337" classname="Base.ActionsTestingExample"/>
  <testcase name="increaseVolume" time="5.215" classname="Base.ActionsTestingExample"/>
  <testcase name="stopVideo" time="5.172" classname="Base.ActionsTestingExample"/>
  <testcase name="closeBrowser" time="2.027" classname="Base.ActionsTestingExample"/>
</testsuite> <!-- Default test -->
