<?xml version="1.0" encoding="UTF-8"?>
<!-- Generated by org.testng.reporters.JUnitXMLReporter -->
<testsuite hostname="EPBYMINW2724" name="PatternsTestingExample" tests="9" failures="0" timestamp="4 Feb 2016 17:54:12 GMT" time="23.264" errors="0">
  <testcase name="OpenLoginPage" time="1.461" classname="Base.ActionsTestingExample"/>
  <testcase name="loginAction" time="2.282" classname="Base.ActionsTestingExample"/>
  <testcase name="loginViaJavascript" time="0.052" classname="Base.ActionsTestingExample"/>
  <testcase name="playVideo" time="1.06" classname="Base.ActionsTestingExample"/>
  <testcase name="findVolumeSlider" time="3.011" classname="Base.ActionsTestingExample"/>
  <testcase name="decreaseVolume" time="3.161" classname="Base.ActionsTestingExample"/>
  <testcase name="increaseVolume" time="5.136" classname="Base.ActionsTestingExample"/>
  <testcase name="stopVideo" time="5.071" classname="Base.ActionsTestingExample"/>
  <testcase name="closeBrowser" time="2.017" classname="Base.ActionsTestingExample"/>
</testsuite> <!-- PatternsTestingExample -->
