<?xml version="1.0" encoding="UTF-8"?>
<testng-results skipped="0" failed="0" total="1" passed="1">
  <reporter-output>
  </reporter-output>
  <suite name="Default suite" duration-ms="80" started-at="2015-12-03T17:47:49Z" finished-at="2015-12-03T17:47:49Z">
    <groups>
    </groups>
    <test name="Default test" duration-ms="80" started-at="2015-12-03T17:47:49Z" finished-at="2015-12-03T17:47:49Z">
      <class name="TestingResult">
        <test-method status="PASS" signature="compareResults()[pri:0, instance:TestingResult@db13d3]" name="compareResults" duration-ms="60" started-at="2015-12-03T14:47:49Z" finished-at="2015-12-03T14:47:49Z">
          <reporter-output>
          </reporter-output>
        </test-method> <!-- compareResults -->
      </class> <!-- TestingResult -->
    </test> <!-- Default test -->
  </suite> <!-- Default suite -->
</testng-results>
