<?xml version="1.0" encoding="UTF-8"?>
<!-- Generated by org.testng.reporters.JUnitXMLReporter -->
<testsuite hostname="EPBYMINW2724" name="Default test" tests="9" failures="0" timestamp="11 Dec 2015 13:35:31 GMT" time="13.625" errors="0">
  <testcase name="OpenLoginPage" time="2.83" classname="Base.PatternsTestingExample"/>
  <testcase name="loginAction" time="3.708" classname="Base.PatternsTestingExample"/>
  <testcase name="openProfileAction" time="3.19" classname="Base.PatternsTestingExample"/>
  <testcase name="getOldAPI" time="0.033" classname="Base.PatternsTestingExample"/>
  <testcase name="reGenerateAPI" time="1.829" classname="Base.PatternsTestingExample"/>
  <testcase name="getNewAPI" time="0.041" classname="Base.PatternsTestingExample"/>
  <testcase name="compareAPI" time="0.003" classname="Base.PatternsTestingExample"/>
  <testcase name="LogOut" time="1.877" classname="Base.PatternsTestingExample"/>
  <testcase name="closeBrowser" time="0.032" classname="Base.PatternsTestingExample"/>
</testsuite> <!-- Default test -->
