<?xml version="1.0" encoding="UTF-8"?>
<!-- Generated by org.testng.reporters.JUnitXMLReporter -->
<testsuite hostname="EPBYMINW2724" tests="9" failures="0" timestamp="11 Dec 2015 13:27:33 GMT" time="24.739" errors="0">
  <testcase name="OpenLoginPage" time="3.239" classname="PatternsTestingExample"/>
  <testcase name="loginAction" time="6.605" classname="PatternsTestingExample"/>
  <testcase name="openProfileAction" time="4.582" classname="PatternsTestingExample"/>
  <testcase name="getOldAPI" time="0.033" classname="PatternsTestingExample"/>
  <testcase name="reGenerateAPI" time="4.975" classname="PatternsTestingExample"/>
  <testcase name="getNewAPI" time="0.034" classname="PatternsTestingExample"/>
  <testcase name="compareAPI" time="0.0" classname="PatternsTestingExample"/>
  <testcase name="LogOut" time="5.205" classname="PatternsTestingExample"/>
  <testcase name="closeBrowser" time="0.016" classname="PatternsTestingExample"/>
</testsuite>
