<?xml version="1.0" encoding="UTF-8"?>
<!-- Generated by org.testng.reporters.JUnitXMLReporter -->
<testsuite hostname="EPBYMINW2724" name="PatternsTestingExample" tests="9" failures="0" timestamp="10 Feb 2016 18:52:09 GMT" time="24.507" errors="0">
  <testcase name="OpenLoginPage" time="0.043" classname="Base.ActionsTestingExample"/>
  <testcase name="loginAction" time="4.644" classname="Base.ActionsTestingExample"/>
  <testcase name="loginViaJavascript" time="0.017" classname="Base.ActionsTestingExample"/>
  <testcase name="playVideo" time="1.025" classname="Base.ActionsTestingExample"/>
  <testcase name="findVolumeSlider" time="3.009" classname="Base.ActionsTestingExample"/>
  <testcase name="decreaseVolume" time="3.15" classname="Base.ActionsTestingExample"/>
  <testcase name="increaseVolume" time="5.132" classname="Base.ActionsTestingExample"/>
  <testcase name="stopVideo" time="5.095" classname="Base.ActionsTestingExample"/>
  <testcase name="closeBrowser" time="2.377" classname="Base.ActionsTestingExample"/>
</testsuite> <!-- PatternsTestingExample -->
