<?xml version="1.0" encoding="UTF-8"?>
<!-- Generated by org.testng.reporters.JUnitXMLReporter -->
<testsuite hostname="EPBYMINW2724" name="PatternsTestingExample" tests="9" failures="0" timestamp="1 Mar 2016 17:42:17 GMT" time="26.056" errors="0">
  <testcase name="OpenLoginPage" time="3.296" classname="Base.ActionsTestingExample"/>
  <testcase name="loginAction" time="2.918" classname="Base.ActionsTestingExample"/>
  <testcase name="loginViaJavascript" time="0.064" classname="Base.ActionsTestingExample"/>
  <testcase name="playVideo" time="1.335" classname="Base.ActionsTestingExample"/>
  <testcase name="findVolumeSlider" time="3.009" classname="Base.ActionsTestingExample"/>
  <testcase name="decreaseVolume" time="3.156" classname="Base.ActionsTestingExample"/>
  <testcase name="increaseVolume" time="5.153" classname="Base.ActionsTestingExample"/>
  <testcase name="stopVideo" time="5.091" classname="Base.ActionsTestingExample"/>
  <testcase name="closeBrowser" time="2.018" classname="Base.ActionsTestingExample"/>
</testsuite> <!-- PatternsTestingExample -->
